[  0.000] nialing ro subs uset[   0.00] Iniazing cousubss pu
[   0.0000Initalin cgrp bsyspuct
  .0000]inx rsn .4.034enerc uidd@l01md4-03 (c veio5.4.200609Ubtu 5.0ubunt1~.0.10) )16-Ubuu P Wed g  14::0UTC 18Ubun 4.0-14.160-geeric.440)   0.000 Comndine:OOIMAGE=oovmliz-4.0-4-neriro=LAB=cudimrofs rcoole=y1onso=tS0
[  0000] RNELuprtedcpus
[  0.0000  tel nueInt
   00000  MDuthentAM
[  0.0000  ntauCeaurHls
[  0.0000x8fpu:ste_ofet]:  6,stte_ses]:  6
[   0000 x86puSuppti XSA fturex0 'x8fltingoi regte'
[  00000 x/fpuSuorti XVE ftu 0x0 'E reisrs
[   00000]86pu: ppting XVEeatue 04 'X giters
[  0.00] x8/f: naedstteeare 0x7coext sizis32 besusng 'anrd' fma
[   0.000]e80:IOS-povedphysalAM m:[   .0000]IOe820[m 00000000000-00000009fff] ab
[   00000]IOe820[m 000000009fc-00000009ffffrerved[   0.00] BIOS-82: [mem 0000000f000-0x000000000ff] reseed
[  00000]IOe820:me0x000000010000-000003eff] ubl
    0000 BIO-e0:[memx00000ff000-0000003ffff ACP da[   0.000] BOSe82: mem 00000fec000x0000fec0ffreseed
[  00000]IOe820[m 0x0000fee000x0000fee0ffreseed
[  00000]IOe820[mm x00000ff00000x000000fffff] esered[   .0000]X xecu Dableprectio aive   0.000 SMBS 5 reset.[   0.000] Hpeisr teed KVM[   0.00] e820:la_pn = 3f0 max_chfn = 0000000
  0.000] RR: Dibl
[  00000 x/PATMTs dibl, skpi PATnializiotoo.[   0.00] CP MRsall an- viuazed st.
[    .000] x8PA: onfiraon [0-]:B WT  UC- C B WT  -   
  0.0000] un SMPP-ble  [m 0x09f0-000fff] mpeat [ff0000ff0]
[   0000 Snnng 1re forlomeory rrtion
[    0.000000] RAMDISK: [mem 0x3630c000-0x3717dfff]
[    0.000000] ACPI: Early table checksum verification disabled
[    0.000000] ACPI: RSDP 0x00000000000E0000 000024 (v02 VBOX  )
[    0.000000] ACPI: XSDT 0x000000003FFF0030 00003C (v01 VBOX   VBOXXSDT 00000001 ASL  00000061)
[    0.000000] ACPI: FACP 0x000000003FFF00F0 0000F4 (v04 VBOX   VBOXFACP 00000001 ASL  00000061)
[    0.000000] ACPI: DSDT 0x000000003FFF0470 0021FF (v02 VBOX   VBOXBIOS 00000002 INTL 20100528)
[    0.000000] ACPI: FACS 0x000000003FFF0200 000040
[    0.000000] ACPI: FACS 0x000000003FFF0200 00004
[    .000] CPI APIC 0x000000003FFF0240 0005 (02VBOX   VBOXAPIC 00000001 ASL  00000061)
[    0.000000] ACPI: SSDT 0x000000003FFF02A0 0001CC (v01 VBOX   VBOXCPUT 00000002 INTL 20100528)
[  000000]o MA cfirati fnd
  0.000]akng a det [m 000000000000x00003fffff
[  0.00] NO_DAT0) aoced [m 0ffeb0-3ffeff
[    .000] kv-coc Uing rsb5641 d 4b4d
[  00000] km-oc: cpu  m 0:3fe01 prirypu clok    0000] k-cck: in sheofetof184132cyes
  0.0000 ccksourc: m-lock mk:0xfffffffff x_cyes0x1c2eff, maid_ns:8105913 
[   .000] Zo rges:
[  .0000] DMA    em 000000000000x000000ffff
[  0.0000  MA2    [mem 0x000000100000-x000003fff]
[   00000]   orl  emp
   0000]  Dece emp
   0000] Mabe one strtoreachod
[    0000 Ear mory deange
[  0.00]   de 0: me0x00000001000x000000009efff]
[    0.000000]   node   0: [mem 0x0000000000100000-0x000000003ffeffff]
[    0.000000] Initmem setup node 0 [mem 0x0000000000001000-0x000000003ffeffff]
[    0.000000] ACPI: PM-Timer IO Port: 0x4008
[    0.000000] IOAPIC[0]: apic_id 2, version 32, address 0xfec00000, GSI 0-23
[    0.000000] ACPI: INT_SRC_OVR (bus 0 bus_irq 0 global_irq 2 dfl dfl)
[    0.000000] ACPI: INT_SRC_OVR (bus 0 bus_irq 9 global_irq 9 low level)
[    0.000000] Using ACPI (MADT) for SMP confuration information
[    0.000000] smpboot: Allowing 2 CPUs, 0 hotplug CPUs
[    0.000000] PM: Registered nosave memory: [mem 0x00000000-0x00000fff]
[    0.000000] PM: Registered nosave memory: [mem 0x0009f000-0x0009ffff]
[    0.000000] PM: Registered nosave memory: [mem 0x000a0000-0x000effff]
[    0.000000] PM: Registered nosave memory: [mem 0x000f0000-0x000fffff]
[    0.000000] e820: [mem 0x40000000-0xfebfffff] available for PCI devices
[    0.000000] Booting paravirtualized kernel on KVM
[    0.000000] clocksource: refined-ffes msk: xfffff m_cles:xfffff m_idlns76451900211568 ns
[    0.000000] setup_percpu: NR_CPUS:512 nr_cpumask_bits:512 nr_cpu_ids:2 nr_node_ids:1
[    0.000000] PERCPU: Embedded 34 pages/cpu @ffff88003fc00000 s99544 r8192 d31528 u1048576
[    0.000000] PV qsnnlo hh ablentes: 2 (der:, 96 bes
[    0000] Blt zoneltsn Nod oer mobli goungn.  tapaes: 2792[   .0000]oly one:MA
[  00000 Kerl coanlineBO_IMAG=/otvmnu4..0-1-gericooLABEcldimg-rtfro cso=ttycoole=ty
    0.00000] PID hash table entries: 4096 (order: 3, 327 bytes)
[    0.000000] Memory: 997724K/1048120K available (8554K kernel code, 1314K rwdata, 4004K rodata, 1516K init, 1316K bss, 50396K reserved, 0K cma-reserved)
[    0.000000] SLUB: HWalign=64, Order=0-3, MinObjects=0, CPUs=2, Nodes=1
[    0.000000] Kernel/User page tables isolation: enabled
[    0.000000] Hierarchical RCU implementation.
[    0.000000] 	Build-time adjustment of leaf fanout to 64.
[    0.000000] 	RCU restricting CPUs from NR_CPUS=512 to nr_cpu_ids=2.
[    0.000000] RCU: Adjusting geometry for rcu_fanout_leaf=64, nr_cpu_ids=2
[    0.000000] NR_IRQS:33024 nr_irqs:440 16
[    0.000000] Console: colour VGA+ 8x25[   .000 cnsol[t1] ebl
[    0000] cool [ttyS] abed
  0.00000] tsc: Detected 3398.972 MHz processor
[   19.052739] Calibrating delay loop (skipped) preset value.. 6797.94 BogoMIPS (lpj=13595888)
[   19.318617] pid_max: default: 32768 minimum: 301
[   19.401555] ACPI: Core revision 20150930
[   19.434705] ACPI: 2 ACPI AML tables successfully acquired and loaded
[   19.609669] Security Framework initialized
[   19.737525] Yama: becoming mindful.
[   19.844976] AppArmor: AppArmor initialized
[   19.978862] Dentry cache hash table entries: 131072 (order: 8, 1048576 bytes)
[   20.207521] Inode-cache hash table entries: 65536 (order: 7, 524288 bytes)
[   20.418547] Mount-cache hash table entries: 2048 (order: 2, 16384 bytes)
[   20.524885] Mountpoint-cache hash table entries: 2048 (order: 2, 16384 bytes)
[   20.746734] Initializing cgroup subsys io
[   20.850094] Initializing cgroup subsys memory
[   20.988824] Initializing cgroup subsys devices
[   21.135436] Initializing cgroup subsys freezer
[   21.266193] Initializing cgroup subsys net_cls
[   21.378655] Initializing cgroup subsys perf_event
[   21.493805] Initializing cgroup subsys net_prio
[   21.541674] Initializing cgroup subsys hugetlb
[   21.613204] Initializing cgroup subsys pids
[   21.717519] mce: CPU supports 0 MCE banks
[   21.860168] Last level iTLB entries: 4KB 512, 2MB 8, 4MB 8
[   22.038093] Last level dTLB entries: 4KB 512, 2MB 32, 4MB 32, 1GB 0
[   22.233271] Spectre V2 : Mitigation: Full generic retpoline
[   22.410043] Spectre V2 : Speculation control IBPB not-supported IBRS not-supported
[   22.605463] Speculative Store Bypass: Vulnerable
[   22.687854] Freeing SMP alternatives memory: 32K
[   22.833624] ftrace: allocating 32266 entries in 127 pages
[   23.056090] smpboot: APIC(0) Converting physical 0 to logical package 0
[   23.276511] smpboot: Max logical packages: 1
[   23.402688] x2apic enabled
[   23.485597] Switched APIC routing to physical x2apic.
[   23.629115] ..TIMER: vector=0x30 apic1=0 pin1=2 apic2=-1 pin2=-1
[   23.849483] smpboot: CPU0: Intel(R) Core(TM) i5-2500 CPU @ 3.30GHz (family: 0x6, model: 0x2a, stepping: 0x7)
[   24.184740] Performance Events: unsupported p6 CPU model 42 no PMU driver, software events only.
[   24.414517] KVM setup paravirtual spinlock
[   24.567314] x86: Booting SMP configuration:
[   24.702520] .... node  #0, CPUs:      #1
[   24.762085] kvm-clock: cpu 1, msr 0:3ffe3041, secondary cpu clock
[   24.963255] mce: CPU supports 0 MCE banks
[   25.055613] x86: Booted up 1 node, 2 CPUs
[   25.090729] smpboot: Total of 2 processors activated (13595.88 BogoMIPS)
[   25.092373] devtmpfs: initialized
[   25.094445] evm: security.selinux
[   25.095152] evm: security.SMACK64
[   25.095860] evm: security.SMACK64EXEC
[   25.096581] evm: security.SMACK64TRANSMUTE
[   25.097347] evm: security.SMACK64MMAP
[   25.098070] evm: security.ima
[   25.098688] evm: security.capability
[   25.213611] clocksource: jiffies: mask: 0xffffffff max_cycles: 0xffffffff, max_idle_ns: 7645041785100000 ns
[   25.489236] futex hash table entries: 512 (order: 3, 32768 bytes)
[   25.531278] pinctrl core: initialized pinctrl subsystem
[   25.567297] RTC time:  9:53:37, date: 09/06/18
[   25.568334] NET: Registered protocol family 16
[   25.578494] cpuidle: using governor ladder
[   25.623422] cpuidle: using governor menu
[   25.633900] PCCT header not found.
[   25.634636] ACPI: bus type PCI registered
[   25.635369] acpiphp: ACPI Hot Plug PCI Controller Driver version: 0.5
[   25.636618] PCI: Using configuration type 1 for base access
[   25.652887] ACPI: Added _OSI(Module Device)
[   25.712950] ACPI: Added _OSI(Processor Device)
[   25.749128] ACPI: Added _OSI(3.0 _SCP Extensions)
[   25.767119] ACPI: Added _OSI(Processor Aggregator Device)
[   25.769210] ACPI: Executed 1 blocks of module-level executable AML code
[   25.829182] ACPI: Interpreter enabled
[   25.831513] ACPI: (supports S0 S5)
[   25.836229] ACPI: Using IOAPIC for interrupt routing
[   25.837293] PCI: Using host bridge windows from ACPI; if necessary, use "pci=nocrs" and report a bug
[   25.842193] ACPI: PCI Root Bridge [PCI0] (domain 0000 [bus 00-ff])
[   25.878979] acpi PNP0A03:00: _OSC: OS supports [ASPM ClockPM Segments MSI]
[   25.887862] acpi PNP0A03:00: _OSC: not requesting OS control; OS requires [ExtendedConfig ASPM ClockPM MSI]
[   25.889566] acpi PNP0A03:00: fail to add MMCONFIG information, can't access extended PCI configuration space under this bridge.
[   25.891833] PCI host bridge to bus 0000:00
[   25.911126] pci_bus 0000:00: root bus resource [io  0x0000-0x0cf7 window]
[   26.013792] pci_bus 0000:00: root bus resource [io  0x0d00-0xffff window]
[   26.059220] pci_bus 0000:00: root bus resource [mem 0x000a0000-0x000bffff window]
[   26.060610] pci_bus 0000:00: root bus resource [mem 0x40000000-0xfdffffff window]
[   26.061997] pci_bus 0000:00: root bus resource [bus 00-ff]
[   26.100967] pci 0000:00:01.1: legacy IDE quirk: reg 0x10: [io  0x01f0-0x01f7]
[   26.288253] pci 0000:00:01.1: legacy IDE quirk: reg 0x14: [io  0x03f6]
[   26.410374] pci 0000:00:01.1: legacy IDE quirk: reg 0x18: [io  0x0170-0x0177]
[   26.551017] pci 0000:00:01.1: legacy IDE quirk: reg 0x1c: [io  0x0376]
[   26.711172] pci 0000:00:07.0: quirk: [io  0x4000-0x403f] claimed by PIIX4 ACPI
[   26.726898] pci 0000:00:07.0: quirk: [io  0x4100-0x410f] claimed by PIIX4 SMB
[   26.852385] ACPI: PCI Interrupt Link [LNKA] (IRQs 5 9 10 *11)
[   26.981146] ACPI: PCI Interrupt Link [LNKB] (IRQs 5 9 *10 11)
[   26.982608] ACPI: PCI Interrupt Link [LNKC] (IRQs 5 *9 10 11)
[   26.984077] ACPI: PCI Interrupt Link [LNKD] (IRQs 5 9 10 *11)
[   26.985567] ACPI: Enabled 2 GPEs in block 00 to 07
[   26.986847] vgaarb: setting as boot device: PCI:0000:00:02.0
[   26.987856] vgaarb: device added: PCI:0000:00:02.0,decodes=io+mem,owns=io+mem,locks=none
[   26.989337] vgaarb: loaded
[   26.989934] vgaarb: bridge control possible 0000:00:02.0
[   26.991096] SCSI subsystem initialized
[   26.991987] ACPI: bus type USB registered
[   26.992775] usbcore: registered new interface driver usbfs
[   27.015209] usbcore: registered new interface driver hub
[   27.103508] usbcore: registered new device driver usb
[   27.113076] PCI: Using ACPI for IRQ routing
[   27.133084] NetLabel: Initializing
[   27.133787] NetLabel:  domain hash size = 128
[   27.161897] NetLabel:  protocols = UNLABELED CIPSOv4
[   27.181296] NetLabel:  unlabeled traffic allowed by default
[   27.182516] amd_nb: Cannot enumerate AMD northbridges
[   27.183511] clocksource: Switched to clocksource kvm-clock
[   7.63] pAor:AprmoFisyemnaed
  7.64] npPnAC it  8.95] p:nPCP fun3 vis
[   28.707040] clocksource: acpi_pm: mask: 0xffffff max_cycles: 0xffffff, max_idle_ns: 2085701024 ns
[   28.722863] NET: Registered protocol family 2
[   28.723846] TCP established hash table entries: 8192 (order: 4, 65536 bytes)
[   28.726293] TCP bind hash table entries: 8192 (order: 5, 131072 bytes)
[   28.897479] TCP: Hash tables configured (established 8192 bind 8192)
[   29.059279] UDP hash table entries: 512 (order: 2, 16384 bytes)
[   29.062264] UDP-Lite hash table entries: 512 (order: 2, 16384 bytes)
[   29.064533] NET: Registered protocol family 1
[   29.066750] pci 0000:00:00.0: Limiting direct PCI/PCI transfers
[   29.259156] pci 0000:00:01.0: Activating ISA DMA hang workarounds
[   29.457372] Unpacking initramfs...
[   .7498]rengnid mo: 79
[   30.195402] RAPL PMU detected, API unit is 2^-32 Joules, 3 fixed counters 10737418240 ms ovfl timer
[   30.475226] hw unit of domain pp0-core 2^-0 Joules
[   30.476148] hw unit of domain package 2^-0 Joules
[   30.476993] hw unit of domain pp1-gpu 2^-0 Joules
[   30.477893] platform rtc_cmos: registered platform RTC device (no PNP device found)
[   30.479341] Scanning for low memory corruption every 60 seconds
[   30.480832] audit: initializing netlink subsys (disabled)
[   30.541743] audit: type=2000 audit(1536227601.850:1): initialized
[   30.543076] Initialise system trusted keyring
[   30.544105] HugeTLB registered 2 MB page size, pre-allocated 0 pages
[   30.633794] zbud: loaded
[   30.634698] VFS: Disk quotas dquot_6.6.0
[   30.643374] VFS: Dquot-cache hash table entries: 512 (order 0, 4096 bytes)
[   30.656968] squashfs: version 4.0 (2009/01/31) Phillip Lougher
[   30.658288] fuse init (API version 7.23)
[   30.717587] Key type big_key registered
[   30.744714] Allocating IMA MOK and blacklist keyrings.
[   30.747258] Key type asymmetric registered
[   30.749776] Asymmetric key parser 'x509' registered
[   30.750678] Block layer SCSI generic (bsg) driver version 0.4 loaded (major 249)
[   30.752135] io scheduler noop registered
[   30.752871] io scheduler deadline registered (default)
[   30.753790] io scheduler cfq registered
[   30.754584] pci_hotplug: PCI Hot Plug PCI Core version: 0.5
[   30.781920] pciehp: PCI Express Hot Plug Controller Driver version: 0.4
[   30.783163] ACPI: AC Adapter [AC] (on-line)
[   30.784081] input: Power Button as /devices/LNXSYSTM:00/LNXPWRBN:00/input/input0
[   30.785456] ACPI: Power Button [PWRF]
[   30.786232] input: Sleep Button as /devices/LNXSYSTM:00/LNXSLPBN:00/input/input1
[   30.787603] ACPI: Sleep Button [SLPF]
[   30.788599] GHES: HEST is not enabled!
[   30.801758] Serial: 8250/16550 driver, 32 ports, IRQ sharing enabled
[   30.867092] 00:02: ttyS0 at I/O 0x3f8 (irq = 4, base_baud = 115200) is a 16550A
[   0.1109Lix gprtntrfcev003
[   31.291331] loop: module loaded
[   31.406638] scsi host0: ata_piix
[   31.475845] tsc: Refined TSC clocksource calibration: 3398.345 MHz
[   31.475846] clocksource: tsc: mask: 0xffffffffffffffff max_cycles: 0x30fc3397875, max_idle_ns: 440795306966 ns
[   31.880635] scsi host1: ata_piix
[   31.881343] ata1: PATA max UDMA/33 cmd 0x1f0 ctl 0x3f6 bmdma 0xd000 irq 14
[   31.882489] ata2: PATA max UDMA/33 cmd 0x170 ctl 0x376 bmdma 0xd008 irq 15
[   31.883984] libphy: Fixed MDIO Bus: probed
[   31.990869] tun: Universal TUN/TAP device driver, 1.6
[   32.153060] tun: (C) 1999-2004 Max Krasnyansky <maxk@qualcomm.com>
[   32.316299] PPP generic driver version 2.4.2
[   32.459845] ehci_hcd: USB 2.0 'Enhanced' Host Controller (EHCI) Driver
[   32.683494] ehci-pci: EHCI PCI platform driver
[   32.821216] ehci-platform: EHCI generic platform driver
[   33.003868] ohci_hcd: USB 1.1 'Open' Host Controller (OHCI) Driver
[   33.207062] ohci-pci: OHCI PCI platform driver
[   33.214276] ohci-platform: OHCI generic platform driver
[   33.217217] uhci_hcd: USB Universal Host Controller Interface driver
[   33.218416] i8042: PNP: PS/2 Controller [PNP0303:PS2K,PNP0f03:PS2M] at 0x60,0x64 irq 1,12
[   33.436378] serio: i8042 KBD port at 0x60,0x64 irq 1
[   33.558789] serio: i8042 AUX port at 0x60,0x64 irq 12
[   33.559823] mousedev: PS/2 mouse device common for all mice
[   33.567521] input: AT Translated Set 2 keyboard as /devices/platform/i8042/serio0/input/input2
[   33.722515] rtc_cmos rtc_cmos: rtc core: registered rtc_cmos as rtc0
[   .882 r_cs c_os: almsupo ne day, 114 bytes nvram

[   34.354735] i2c /dev entries driver
[   34.355475] device-mapper: uevent: version 1.0.3
[   34.356472] device-mapper: ioctl: 4.34.0-ioctl (2015-10-28) initialised: dm-devel@redhat.com
[   34.414834] ledtrig-cpu: registered to indicate activity on CPUs
[   34.610164] NET: Registered protocol family 10
[   34.646359] NET: Registered protocol family 17
[   34.647233] Key type dns_resolver registered
[   34.648275] registered taskstats version 1
[   34.649042] Loading compiled-in X.509 certificates
[   34.650513] Loaded X.509 cert 'Build time autogenerated kernel key: 4eb3d024ac16f76c1747ffd474694c84db21038b'
[   34.652240] zswap: loaded using pool lzo/zbud
[   34.654985] Key type trusted registered
[   34.660327] Key type encrypted registered
[   34.661113] AppArmor: AppArmor sha1 policy hashing enabled
[   34.662071] ima: No TPM chip found, activating TPM-bypass!
[   34.663030] ima: Allocated hash algorithm: sha1
[   34.677123] evm: HMAC attrs: 0x1
[   34.678154]   Magic number: 2:760:878
[   34.679003] rtc_cmos rtc_cmos: setting system clock to 2018-09-06 09:53:46 UTC (1536227626)
[   34.680666] BIOS EDD facility v0.16 2004-Jun-25, 0 devices found
[   34.681706] EDD information not available.
[   34.683732] Freeing unused kernel memory: 1516K
[   34.700060] Write protecting the kernel read-only data: 14336k
[   34.701454] Freeing unused kernel memory: 1672K
[   34.702468] Freeing unused kernel memory: 92K
Loading, please [   34.715549] random: systemd-udevd: uninitialized urandom read (16 bytes read, 4 bits of entropy available)
wait...
startin[   34.716106] random: udevadm: uninitialized urandom read (16 bytes read, 4 bits of entropy available)
g version 229
[   34.716132] random: udevadm: uninitialized urandom read (16 bytes read, 4 bits of entropy available)
[   34.726344] random: udevadm: uninitialized urandom read (16 bytes read, 4 bits of entropy available)
[   34.726409] random: udevadm: uninitialized urandom read (16 bytes read, 4 bits of entropy available)
[   34.726571] random: udevadm: uninitialized urandom read (16 bytes read, 4 bits of entropy available)
[   34.726635] random: udevadm: uninitialized urandom read (16 bytes read, 4 bits of entropy available)
[   34.726698] random: udevadm: uninitialized urandom read (16 bytes read, 4 bits of entropy available)
[   34.726761] random: udevadm: uninitialized urandom read (16 bytes read, 4 bits of entropy available)
[   34.726826] random: udevadm: uninitialized urandom read (16 bytes read, 4 bits of entropy available)
[   35.851371] e1000: Intel(R) PRO/1000 Network Driver - version 7.3.21-k8-NAPI
[   35.919152] e1000: Copyright (c) 1999-2006 Intel Corporation.
[   35.920288] Fusion MPT base driver 3.04.20
[   35.921075] Copyright (c) 1999-2008 LSI Corporation
[   35.926179] Fusion MPT SPI Host driver 3.04.20
[   35.929353] mptbase: ioc0: Initiating bringup
[   35.945231] AVX version of gcm_enc/dec engaged.
[   35.961811] AES CTR mode by8 optimization enabled
[   35.992423] ioc0: LSI53C1030 A0: Capabilities={Initiator}
[   36.151518] input: ImExPS/2 Generic Explorer Mouse as /devices/platform/i8042/serio1/input/input4
[   36.580003] scsi host2: ioc0: LSI53C1030 A0, FwRev=00000000h, Ports=1, MaxQ=256, IRQ=20
[   38.371337] scsi 2:0:0:0: Direct-Access     VBOX     HARDDISK         1.0  PQ: 0 ANSI: 5
[   38.510500] scsi target2:0:0: Beginning Domain Validation
[   38.512925] scsi target2:0:0: Domain Validation skipping write tests
[   38.660518] scsi target2:0:0: Ending Domain Validation
[   38.801174] scsi target2:0:0: asynchronous
[   38.915723] scsi 2:0:1:0: Direct-Access     VBOX     HARDDISK         1.0  PQ: 0 ANSI: 5
[   38.987026] scsi target2:0:1: Beginning Domain Validation
[   38.989450] scsi target2:0:1: Domain Validation skipping write tests
[   38.990835] scsi target2:0:1: Ending Domain Validation
[   38.991872] scsi target2:0:1: asynchronous
[   38.997620] e1000 0000:00:03.0 eth0: (PCI:33MHz:32-bit) 02:1d:76:b3:3c:fe
[   38.997624] e1000 0000:00:03.0 eth0: Intel(R) PRO/1000 Network Connection
[   39.186927] e1000 0000:00:03.0 enp0s3: renamed from eth0
[   39.506025] sd 2:0:0:0: [sda] 20971520 512-byte logical blocks: (10.7 GB/10.0 GiB)
[   39.575642] sd 2:0:0:0: Attached scsi generic sg0 type 0
[   39.577097] sd 2:0:0:0: [sda] Write Protect is off
[   39.577191] sd 2:0:0:0: [sda] Incomplete mode parameter data
[   39.577192] sd 2:0:0:0: [sda] Assuming drive cache: write through
[   39.591591]  sda: sda1
[   39.592604] sd 2:0:0:0: [sda] Attached SCSI disk
[   39.640265] sd 2:0:1:0: Attached scsi generic sg1 type 0
[   39.640290] sd 2:0:1:0: [sdb] 20480 512-byte logical blocks: (10.5 MB/10.0 MiB)
[   39.640471] sd 2:0:1:0: [sdb] Write Protect is off
[   39.640546] sd 2:0:1:0: [sdb] Incomplete mode parameter data
[   39.640548] sd 2:0:1:0: [sdb] Assuming drive cache: write through
[   39.657070] sd 2:0:1:0: [sdb] Attached SCSI disk
Begin: Loading e[   42.071279] md: linear personality registered for level -1
ssential drivers ... [   42.116861] md: multipath personality registered for level -4
[   42.195300] md: raid0 personality registered for level 0
[   42.248401] md: raid1 personality registered for level 1
[   42.371534] raid6: sse2x1   gen()  9215 MB/s
[   42.568744] raid6: sse2x1   xor()  7390 MB/s
[   42.668361] raid6: sse2x2   gen() 11962 MB/s
[   42.840274] raid6: sse2x2   xor()  8386 MB/s
[   43.003526] raid6: sse2x4   gen() 13626 MB/s
[   43.188034] raid6: sse2x4   xor() 10479 MB/s
[   43.336140] raid6: using algorithm sse2x4 gen() 13626 MB/s
[   43.535965] raid6: .... xor() 10479 MB/s, rmw enabled
[   43.674808] raid6: using ssse3x2 recovery algorithm
[   43.814976] xor: automatically using best checksumming function:
[   44.052050]    avx       : 23122.000 MB/sec
[   44.174009] async_tx: api initialized (async)
[   44.282067] md: raid6 personality registered for level 6
[   44.284458] md: raid5 personality registered for level 5
[   44.285393] md: raid4 personality registered for level 4
[   44.318238] md: raid10 personality registered for level 10
done.
Begin: Running /scripts/init-p[   44.347331] Btrfs loaded
remount ... done.
Begin: Mounting root file system ... Begin: Running /scripts/local-top ... done.
Begin: Running /scripts/local-premount ... Scanning for Btrfs filesystems
done.
Warning: fsck not present, so skipping root file system
[   44.522964] EXT4-fs (sda1): mounted filesystem with ordered data mode. Opts: (null)
done.
Begin: Running /scripts/local-bottom ... done.
Begin: Running /scripts/init-bottom ... done.
[   45.304225] random: nonblocking pool is initialized
[   45.524330] systemd[1]: systemd 229 running in system mode. (+PAM +AUDIT +SELINUX +IMA +APPARMOR +SMACK +SYSVINIT +UTMP +LIBCRYPTSETUP +GCRYPT +GNUTLS +ACL +XZ -LZ4 +SECCOMP +BLKID +ELFUTILS +KMOD -IDN)
[   45.931755] systemd[1]: Detected virtualization oracle.
[   45.932725] systemd[1]: Detected architecture x86-64.

Welcome to [1mUbuntu 16.04.5 LTS[0m!

[   46.043632] systemd[1]: Set hostname to <ubuntu>.
[   46.206361] systemd[1]: Initializing machine ID from random generator.
[   46.209267] systemd[1]: Installed transient /etc/machine-id file.
[   47.416834] systemd[1]: Reached target System Time Synchronized.
[[0;32m  OK  [0m] Reached target System Time Synchronized.
[   47.708364] systemd[1]: Listening on Device-mapper event daemon FIFOs.
[[0;32m  OK  [0m] Listening on Device-mapper event daemon FIFOs.
[   47.959012] systemd[1]: Listening on Journal Audit Socket.
[[0;32m  OK  [0m] Listening on Journal Audit Socket.
[   47.984990] systemd[1]: Created slice User and Session Slice.
[[0;32m  OK  [0m] Created slice User and Session Slice.
[   48.006524] systemd[1]: Listening on Journal Socket (/dev/log).
[[0;32m  OK  [0m] Listening on Journal Socket (/dev/log).
[   48.164032] systemd[1]: Set up automount Arbitrary Executable File Formats File System Automount Point.
[[0;32m  OK  [0m] Set up automount Arbitrary Executab...ats File System Automount Point.
[   48.588069] systemd[1]: Listening on LVM2 metadata daemon socket.
[[0;32m  OK  [0m] Listening on LVM2 metadata daemon socket.
[   48.895777] systemd[1]: Listening on Journal Socket.
[[0;32m  OK  [0m] Listening on Journal Socket.
[   49.144298] systemd[1]: Listening on /dev/initctl Compatibility Named Pipe.
[[0;32m  OK  [0m] Listening on /dev/initctl Compatibility Named Pipe.
[   49.424075] systemd[1]: Created slice System Slice.
[[0;32m  OK  [0m] Created slice System Slice.
[   49.584531] systemd[1]: Mounting Huge Pages File System...
         Mounting Huge Pages File System...
[   49.831861] systemd[1]: Mounting Debug File System...
         Mounting Debug File System...
[   50.112216] systemd[1]: Starting Load Kernel Modules...
[   50.159843] Loading iSCSI transport class v2.0-870.
         Starting Load Kernel Modules...
[   50.172707] systemd[1]: Starting Monitoring of LVM2 mirrors, snapshots etc. using dmeventd or progress polling...
         Starting Monitoring of LVM2 mirr[   50.405268] iscsi: registered transport (tcp)
ors... dmeventd or progress polling...
[   50.745942] iscsi: registered transport (iser)
[   50.748121] systemd[1]: Starting Nameserver information manager...
         Starting Nameserver information manager...
[   51.099184] systemd[1]: Reached target Slices.
[[0;32m  OK  [0m] Reached target Slices.
[   51.176043] systemd[1]: Starting Uncomplicated firewall...
         Starting Uncomplicated firewall...
[   51.230231] systemd[1]: Starting Set console keymap...
         Starting Set console keymap...
[   51.360123] systemd[1]: Listening on udev Kernel Socket.
[[0;32m  OK  [0m] Listening on udev Kernel Socket.
[   51.362065] systemd[1]: Listening on Syslog Socket.
[[0;32m  OK  [0m] Listening on Syslog Socket.
[   51.413480] systemd[1]: Reached target User and Group Name Lookups.
[[0;32m  OK  [0m] Reached target User and Group Name Lookups.
[   51.707193] systemd[1]: Reached target Swap.
[[0;32m  OK  [0m] Reached target Swap.
[   51.904690] systemd[1]: Listening on udev Control Socket.
[[0;32m  OK  [0m] Listening on udev Control Socket.
[   52.140523] systemd[1]: Listening on LVM2 poll daemon socket.
[[0;32m  OK  [0m] Listening on LVM2 poll daemon socket.
[   52.349018] systemd[1]: Created slice system-serial\x2dgetty.slice.
[[0;32m  OK  [0m] Created slice system-serial\x2dgetty.slice.
[   52.671640] systemd[1]: Mounting POSIX Message Queue File System...
         Mounting POSIX Message Queue File System...
[   52.959646] systemd[1]: Starting Journal Service...
         Starting Journal Service...
[   53.135777] systemd[1]: Started Trigger resolvconf update for networkd DNS.
[[0;32m  OK  [0m] Started Trigger resolvconf update for networkd DNS.
[   53.424756] systemd[1]: Started Forward Password Requests to Wall Directory Watch.
[[0;32m  OK  [0m] Started Forward Password Requests to Wall Directory Watch.
[   53.711790] systemd[1]: Reached target Encrypted Volumes.
[[0;32m  OK  [0m] Reached target Encrypted Volumes.
[   53.936618] systemd[1]: Starting Create list of required static device nodes for the current kernel...
         Starting Create list of required st... nodes for the current kernel...
[   54.355640] systemd[1]: Starting Remount Root and Kernel File Systems...
[   54.376815] EXT4-fs (sda1): re-mounted. Opts: (null)
         Starting Remount Root and Kernel File Systems...
[   54.462046] systemd[1]: Mounted Debug File System.
[[0;32m  OK  [0m] Mounted Debug File System.
[   54.651775] systemd[1]: Mounted Huge Pages File System.
[[0;32m  OK  [0m] Mounted Huge Pages File System.
[   54.823947] systemd[1]: Mounted POSIX Message Queue File System.
[[0;32m  OK  [0m] Mounted POSIX Message Queue File System.
[   55.112376] systemd[1]: Started Journal Service.
[[0;32m  OK  [0m] Started Journal Service.
[[0;32m  OK  [0m] Started Load Kernel Modules.
[[0;32m  OK  [0m] Started Uncomplicated firewall.
[[0;32m  OK  [0m] Started Set console keymap.
[[0;32m  OK  [0m] Started Create list of required sta...ce nodes for the current kernel.
[[0;32m  OK  [0m] Started Remount Root and Kernel File Systems.
[[0;32m  OK  [0m] Started Nameserver information manager.
[[0;32m  OK  [0m] Started LVM2 metadata daemon.
         Starting Load/Save Random Seed...
         Starting udev Coldplug all Devices...
         Starting Create Static Device Nodes in /dev...
         Starting Apply Kernel Variables...
         Mounting FUSE Control File System...
         Starting Flush Journal to Persistent Storage...
[[0;32m  OK  [0m] Mounted FUSE Control File System.
[[0;32m  OK  [0m] Started Monitoring of LVM2 mirrors,...ng dmeventd or progress polling.
[[0;32m  OK  [0m] Started Load/Save Random Seed.
[[0;32m  OK  [0m] Started Create Static Device Nodes in /dev.
[[0;32m  OK  [0m] Started Apply Kernel Variables.
[[0;32m  OK  [0m] Started udev Coldplug all Devices.
         Starting udev Kernel Device Manager...
[[0;32m  OK  [0m] Started Flush Journal to Persistent Storage.
[[0;32m  OK  [0m] Started udev Kernel Device Manager.
[[0;32m  OK  [0m] Reached target Local File Systems (Pre).
[[0;32m  OK  [0m] Reached target Local File Systems.
         Starting LSB: AppArmor initialization...
         Starting Create Volatile Files and Directories...
         Starting Commit a transient machine-id on disk...
         Starting Initial cloud-init job (pre-networking)...
         Starting Set console font and keymap...
         Starting Tell Plymouth To Write Out Runtime Data...
[[0;32m  OK  [0m] Started Dispatch Password Requests to Console Directory Watch.
[[0;32m  OK  [0m] Started Create Volatile Files and Directories.
[[0;32m  OK  [0m] Started Commit a transient machine-id on disk.
[[0;32m  OK  [0m] Started Tell Plymouth To Write Out Runtime Data.
[[0;32m  OK  [0m] Found device /dev/ttyS0.
[[0;32m  OK  [0m] Listening on Load/Save RF Kill Switch Status /dev/rfkill Watch.
         Starting Update UTMP about System Boot/Shutdown...
[[0;32m  OK  [0m] Started Set console font and keymap.
[[0;32m  OK  [0m] Started Update UTMP about System Boot/Shutdown.
[[0;32m  OK  [0m] Created slice system-getty.slice.
[[0;32m  OK  [0m] Started LSB: AppArmor initialization.
[   36.039345] cloud-init[534]: Cloud-init v. 18.3-9-g2e62cb8a-0ubuntu1~16.04.2 running 'init-local' at Thu, 06 Sep 2018 09:54:13 +0000. Up 35.38 seconds.
[[0;32m  OK  [0m] Started Initial cloud-init job (pre-networking).
[[0;32m  OK  [0m] Reached target Network (Pre).
         Starting Raise network interfaces...
[[0;32m  OK  [0m] Started Raise network interfaces.
[[0;32m  OK  [0m] Reached target Network.
         Starting Initial cloud-init job (metadata service crawler)...
[   38.743903] cloud-init[926]: Cloud-init v. 18.3-9-g2e62cb8a-0ubuntu1~16.04.2 running 'init' at Thu, 06 Sep 2018 09:54:15 +0000. Up 37.29 seconds.
[   38.824771] [cloud-init[0;32m  OK  [0m[926]: ] ci-info: ++++++++++++++++++++++++++++++++++++++Net device info++++++++++++++++++++++++++++++++++++++Started Initial cloud-init job (metadata service crawler).

[   38.825143] cloud-init[926]: ci-info: +--------+------+----------------------------+---------------+--------+-------------------+
[   39.096864] [cloud-init[0;32m  OK  [0m[926]: ] ci-info: | Device |  Up  |          Address           |      Mask     | Scope  |     Hw-Address    |Reached target Cloud-config availability.

[   39.097380] [cloud-init[0;32m  OK  [0m[926]: ] ci-info: +--------+------+----------------------------+---------------+--------+-------------------+Reached target System Initialization.

[   39.523157] [cloud-init[0;32m  OK  [0m[926]: ] ci-info: | enp0s3 | True |         10.0.2.15          | 255.255.255.0 | global | 02:1d:76:b3:3c:fe |Started Daily Cleanup of Temporary Directories.

[   39.523666] [cloud-init[0;32m  OK  [0m[926]: ] ci-info: | enp0s3 | True | fe80::1d:76ff:feb3:3cfe/64 |       .       |  link  | 02:1d:76:b3:3c:fe |Listening on UUID daemon activation socket.

[   40.045120]          cloud-initStarting LXD - unix socket.[926]: 
ci-info: |   lo   | True |         127.0.0.1          |   255.0.0.0   |  host  |         .         |
[   40.176874] [cloud-init[0;32m  OK  [0m[926]: ] ci-info: |   lo   | True |          ::1/128           |       .       |  host  |         .         |Started Daily apt download activities.

[   40.177394] [cloud-init[0;32m  OK  [0m[926]: ] ci-info: +--------+------+----------------------------+---------------+--------+-------------------+Listening on D-Bus System Message Bus Socket.

[   40.780417] [cloud-init[0;32m  OK  [0m[926]: ] ci-info: +++++++++++++++++++++++++++Route IPv4 info++++++++++++++++++++++++++++Listening on ACPID Listen Socket.

[   40.781029] cloud-init[926]: ci-info: +-------+-------------+----------+---------------+-----------+-------+
[   41.080651] [cloud-init[0;32m  OK  [0m[926]: ] ci-info: | Route | Destination | Gateway  |    Genmask    | Interface | Flags |Started ACPI Events Check.

[   41.081145] [cloud-init[0;32m  OK  [0m[926]: ] ci-info: +-------+-------------+----------+---------------+-----------+-------+Reached target Paths.

[   41.517140]          cloud-initStarting Socket activation for snappy daemon.[926]: 
ci-info: |   0   |   0.0.0.0   | 10.0.2.2 |    0.0.0.0    |   enp0s3  |   UG  |
[   41.673469] [cloud-init[0;32m  OK  [0m[926]: ] ci-info: |   1   |   10.0.2.0  | 0.0.0.0  | 255.255.255.0 |   enp0s3  |   U   |Started Daily apt upgrade and clean activities.

[[0;32m  OK  [0m] Reached target Timers.
[[0;32m  OK  [0m] Reached target Network is Online.
[   41.673940] cloud-init[926]: ci-info: +-------+-------------+----------+---------------+-----------+-------+
[   41.774969]          cloud-initStarting iSCSI initiator daemon (iscsid)...[926]: 
ci-info: +++++++++++++++++++Route IPv6 info+++++++++++++++++++
[   41.813886] [cloud-init[0;32m  OK  [0m[926]: ] ci-info: +-------+-------------+---------+-----------+-------+Listening on LXD - unix socket.

[[0;32m  OK  [0m] Listening on Socket activation for snappy daemon.
[   41.814334] cloud-init[926]: ci-info: | Route | Destination | Gateway | Interface | Flags |
[   41.938551] [cloud-init[0;32m  OK  [0m[926]: ] ci-info: +-------+-------------+---------+-----------+-------+Reached target Sockets.

[   41.939003] [cloud-init[0;32m  OK  [0m[926]: ] ci-info: |   0   |  fe80::/64  |    ::   |   enp0s3  |   U   |Reached target Basic System.

[   42.255794] [[0;32m  OK  [0m] Started FUSE filesystem for LXC.
cloud-init[926]: ci-info: |   3   |   ff00::/8  |    ::   |   enp0s3  |   U   |
[   42.338874] [cloud-init[0;32m  OK  [0m[926]: ] ci-info: +-------+-------------+---------+-----------+-------+Started Deferred execution scheduler.

[[0;32m  OK  [0m] Started D-Bus System Message Bus.
[   42.356798] cloud-init[926]: Generating public/private rsa key pair.
[   42.358301] cloud-init[926]: Your identification has been saved in /etc/ssh/ssh_host_rsa_key.
[   42.360044] cloud-init[926]: Your public key has been saved in /etc/ssh/ssh_host_rsa_key.pub.
[   42.361716] cloud-init[926]: The key fingerprint is:
[   42.368260] cloud-init[926]: SHA256:KchjuVFfzAj1/lfDJh9oBkGTKyyb67xy7U4lKwSMwrk root@ubuntu-xenial
[   42.485665] cloud-init[926]: The key's randomart image is:
[   42.544621]          cloud-initStarting Login Service...[926]: 
+---[RSA 2048]----+
[   42.636820]          cloud-initStarting LSB: Record successful boot for GRUB...[926]: 
|      ... .+.    |
[   42.743550] [cloud-init[0;32m  OK  [0m[926]: ] |. . o  . = .o    |Started ACPI event daemon.

[   42.744140] cloud-init[926]: | + . o. o =..    |
[   42.957322]          cloud-initStarting Virtualbox guest utils...[926]: 
|  o. +.o * .. o  |
[   42.991649]          cloud-initStarting Pollinate to seed the pseudo random number generator...[926]: 
| E  B ..S.o. = =.|
[   43.088564] [cloud-init[0;32m  OK  [0m[926]: ] |   . +.+  +.o +.o|Started Regular background program processing daemon.

[   43.089078] cloud-init[926]: |    .  .oo  . .. |
[   43.208791]          cloud-initStarting LSB: MD monitoring daemon...[926]: 
|     ..oo.   .   |
[   43.249517] cloud-init[926]: |      +++o       |
[   43.250879] cloud-init[926]: +----[SHA256]-----+
[   43.253128] cloud-init[926]: Generating public/private dsa key pair.
[   43.308747]          cloud-initStarting Snappy daemon...[926]: 
Your identification has been saved in /etc/ssh/ssh_host_dsa_key.
[   43.364971]          Starting System Logging Service...
[[0;32m  OK  [0m] Started Unattended Upgrades Shutdown.
cloud-init[926]: Your public key has been saved in /etc/ssh/ssh_host_dsa_key.pub.
[   43.367638] cloud-init[926]: The key fingerprint is:
[   43.369066] cloud-init[926]: SHA256:9P9G5T6Wrf4J8SdhMH+sQ3YRqlN+wqOnz91XJWmL6yc root@ubuntu-xenial
[   43.376496]          cloud-initStarting Accounts Service...[926]: 
The key's randomart image is:
[   43.436488]          cloud-initStarting /etc/rc.local Compatibility...[926]: 
+---[DSA 1024]----+
[   43.518776]          cloud-initStarting LXD - container startup/shutdown...[926]: 
|               . |
[   43.600263] [[0;32m  OK  [0m] Started iSCSI initiator daemon (iscsid).
cloud-init[[0;32m  OK  [0m] Started /etc/rc.local Compatibility.
[926]: |              . .|
[   43.674004] cloud-init[926]: |        .   oo o |
[[0;32m  OK  [0m] Started Login Service.
[   43.674526] cloud-init[926]: |       . .  =++.+|
[   43.836600]          cloud-initStarting Login to default iSCSI targets...[926]: 
|        S .o O**=|
[   43.857749] [cloud-init[0;32m  OK  [0m[926]: ] |           .++O=o|Started LSB: Record successful boot for GRUB.

[   43.858208] cloud-init[926]: |           ..=+o=|
[   43.955834] cloud-init[926]: |            E.=*B|
[   44.012437] cloud-init[926]: |           ooB===|
[   44.056302] cloud-init[926]: +----[SHA256]-----+
[   44.092477] cloud-init[926]: Generating public/private ecdsa key pair.
[   44.172320] [cloud-init[0;32m  OK  [0m[926]: ] Your identification has been saved in /etc/ssh/ssh_host_ecdsa_key.Started System Logging Service.

[   44.293188] [cloud-init[0;32m  OK  [0m[926]: ] Your public key has been saved in /etc/ssh/ssh_host_ecdsa_key.pub.Started LSB: MD monitoring daemon.

[   44.293669] cloud-init[926]: The key fingerprint is:
[   44.509162] cloud-init[926]: SHA256:7mbrjSLGASpdUBZl2ZzeR4MJ2zVd0HziOCMDBAq7Pzk root@ubuntu-xenial
[   44.645194] [cloud-init[0;32m  OK  [0m[926]: ] The key's randooart image is:Started Login to default iSCSI targets.

[   44.645669] cloud-init[926]: +---[ECDSA 256]---+
[   44.808517] [cloud-init[0;32m  OK  [0m[926]: ] |  ..+o+*oo oo..=.|Reached target Remote File Systems (Pre).

[[0;32m  OK  [0m] Reached target Remote File Systems.
[   44.809064] cloud-init[926]: |  .+ o. =oo.o.o +|
[   45.050312]          cloud-initStarting LSB: daemon to balance interrupts for SMP systems...[926]: 
|  ...  ..o.. + ..|
[   45.145197]          cloud-initStarting Permit User Sessions...[926]: 
|  ...   . + = .  |
[   45.170039]          cloud-initStarting LSB: Set the CPU Frequency Scaling governor to "ondemand"...[926]: 
| o.o    S  + o   |
[   45.209409]          cloud-initStarting LSB: automatic crash report generation...[926]: 
|o .... .         |
[   45.313262] [cloud-init[0;32m  OK  [0m[926]: ] |.  .E.  .        |Started Virtualbox guest utils.

[   45.313729] cloud-init[926]: |    +o..oo       |
[   45.393493] [cloud-init[0;32m  OK  [0m[926]: ] |   . . ==..      |Started Permit User Sessions.

[   45.393834] cloud-init[926]: +----[SHA256]-----+
[   45.548666] [cloud-init[0;32m  OK  [0m[926]: ] Generating public/private ed25519 key pair.Started LSB: Set the CPU Frequency Scaling governor to "ondemand".

[[0;32m  OK  [0m] Started LSB: daemon to balance interrupts for SMP systems.
[   45.549187] cloud-init[926]: Your identification has been saved in /etc/ssh/ssh_host_ed25519_key.
[[0;32m  OK  [0m] Started LSB: automatic crash report generation.
[   45.883089] cloud-init[926]: Your public key has been saved in /etc/ssh/ssh_host_ed25519_key.pub.
[   45.937111] cloud-init[926]: The key fingerprint is:
         Starting Authenticate and Authorize Users to Run Privileged Tasks...
[   45.937662] cloud-init[926]: SHA256:fwojX+qAbcIvEerldkoMvLByU8czVHgguScf8roVEgM root@ubuntu-xenial
[   46.176891] cloud-init[926]: The key's randomart image is:
[   46.177186] cloud-init[926]: +--[ED25519 256]--+
         Starting Terminate Plymouth Boot Screen...
[   46.177325] cloud-init[926]: |  E ...o.        |
[   46.336668] cloud-init[926]: |   ......        |
[   46.336972] cloud-init[926]: |    o...         |
         Starting Hold until boot process finishes up...
[   46.337105] cloud-init[926]: | .  ==o          |
[   46.545057] cloud-init[926]: |. o.oB*.S        |
[   46.545346] cloud-init[926]: | o.*o=o+ .       |
[[0;32m  OK  [0m] Started Snappy daemon.
[   46.545498] cloud-init[926]: |o.+o*o* o o .    |
[   46.769186] cloud-init[926]: |...o==.+ = o     |
[[0;32m  OK  [0m] Started Pollinate to seed the pseudo random number generator.
[   46.770103] cloud-init[926]: |   .o=..+ .      |
[   47.036269] cloud-init[926]: +----[SHA256]-----+
[[0;32m  OK  [0m] Started LXD - container startup/shutdown.
[[0;32m  OK  [0m] Started Terminate Plymouth Boot Screen.
[[0;32m  OK  [0m] Started Hold until boot process finishes up.
[[0;32m  OK  [0m] Started Authenticate and Authorize Users to Run Privileged Tasks.
[[0;32m  OK  [0m] Started Accounts Service.
[[0;32m  OK  [0m] Started Getty on tty1.
[[0;32m  OK  [0m] Started Serial Getty on ttyS0.
[[0;32m  OK  [0m] Reached target Login Prompts.
         Starting Set console scheme...
         Starting OpenBSD Secure Shell server...
         Starting Wait until snapd is fully seeded...
[[0;32m  OK  [0m] Started OpenBSD Secure Shell server.
[[0;32m  OK  [0m] Started Set console scheme.
[[0;32m  OK  [0m] Started Wait until snapd is fully seeded.
[[0;32m  OK  [0m] Reached target Multi-User System.
[[0;32m  OK  [0m] Reached target Graphical Interface.
         Starting Update UTMP about System Runlevel Changes...
         Starting Apply the settings specified in cloud-config...
[[0;32m  OK  [0m] Started Update UTMP about System Runlevel Changes.
[[0;32m  OK  [0m] Created slice User Slice of vagrant.
[   49.187897] cloud-init[1250]: Generating locales (this might take a while)...
         Starting User Manager for UID 1000...
[[0;32m  OK  [0m] Started Session 1 of user vagrant.
[[0;32m  OK  [0m] Started User Manager for UID 1000.
[   50.358312] cloud-init[1250]:   en_US.UTF-8... done
[   50.453959] cloud-init[1250]: Generation complete.
[   52.844811] cloud-init[1250]: Cloud-init v. 18.3-9-g2e62cb8a-0ubuntu1~16.04.2 running 'modules:config' at Thu, 06 Sep 2018 09:54:26 +0000. Up 48.70 seconds.
ci-info: no authorized ssh keys fingerprints found for user ubuntu.
<14>Sep  6 09:54:31 ec2: 
<14>Sep  6 09:54:31 ec2: #############################################################
<14>Sep  6 09:54:31 ec2: -----BEGIN SSH HOST KEY FINGERPRINTS-----
<14>Sep  6 09:54:31 ec2: 1024 SHA256:9P9G5T6Wrf4J8SdhMH+sQ3YRqlN+wqOnz91XJWmL6yc root@ubuntu-xenial (DSA)
<14>Sep  6 09:54:31 ec2: 256 SHA256:7mbrjSLGASpdUBZl2ZzeR4MJ2zVd0HziOCMDBAq7Pzk root@ubuntu-xenial (ECDSA)
<14>Sep  6 09:54:31 ec2: 256 SHA256:fwojX+qAbcIvEerldkoMvLByU8czVHgguScf8roVEgM root@ubuntu-xenial (ED25519)
<14>Sep  6 09:54:31 ec2: 2048 SHA256:KchjuVFfzAj1/lfDJh9oBkGTKyyb67xy7U4lKwSMwrk root@ubuntu-xenial (RSA)
<14>Sep  6 09:54:31 ec2: -----END SSH HOST KEY FINGERPRINTS-----
<14>Sep  6 09:54:31 ec2: #############################################################
-----BEGIN SSH HOST KEY KEYS-----
ecdsa-sha2-nistp256 AAAAE2VjZHNhLXNoYTItbmlzdHAyNTYAAAAIbmlzdHAyNTYAAABBBBGmd9j0t2lO3fuc/Sbryj3okPqZcY54wWMY6ONuY03hqYVByo8JwilfJr63Xxftfn7szGCWiGb7MbYDZecb7cs= root@ubuntu-xenial
ssh-ed25519 AAAAC3NzaC1lZDI1NTE5AAAAIPPrcrFpuRGQ+RnjPOqtlZ0mM+cgpX/6zeEuI9axk0JC root@ubuntu-xenial
ssh-rsa AAAAB3NzaC1yc2EAAAADAQABAAABAQCtinOqZbQOFKHo1aa73d4qH54dNNfZFcxLrSyP90VSFAUKAfjacZbgqdNUoODtvoPBdb4e1ju0nBfl/xVJykS8xcaSFOiMGuT3aRodZsmbZMTodFijKhSdJacBqqov/McjSBp9f/rVcE6cXQiYVR9LhYmtTgze6ABF1M6PivwHegfyXsUQpLYDv0EDt+/N/feV+Ng8dm2PE5fpbwHu7AeouqzL6b+SYX3zPPtT5TUTvLpR3AM/9n0BX6q4L3iNF+bjZE4W+SrLA7j8Zqh502Kn1zYf3Jh90XR9RuSWEdCxiS7/s2OSPu9CIyn1BKJL8QDDfSs8045S/0k2woATZJLr root@ubuntu-xenial
-----END SSH HOST KEY KEYS-----
[   53.334434] cloud-init[1509]: Cloud-init v. 18.3-9-g2e62cb8a-0ubuntu1~16.04.2 running 'modules:final' at Thu, 06 Sep 2018 09:54:31 +0000. Up 53.15 seconds.
[   53.334657] cloud-init[1509]: ci-info: no authorized ssh keys fingerprints found for user ubuntu.
[   53.334798] cloud-init[1509]: Cloud-init v. 18.3-9-g2e62cb8a-0ubuntu1~16.04.2 finished at Thu, 06 Sep 2018 09:54:31 +0000. Datasource DataSourceNoCloud [seed=/dev/sdb][dsmode=net].  Up 53.32 seconds

Ubuntu 16.04.5 LTS ubuntu-xenial ttyS0

ubuntu-xenial login: 